[debug] [2026-04-06T09:28:41.027Z] ----------------------------------------------------------------------
[debug] [2026-04-06T09:28:41.028Z] Command:       /opt/homebrew/Cellar/node/25.2.1/bin/node /opt/homebrew/bin/firebase init hosting
[debug] [2026-04-06T09:28:41.028Z] CLI Version:   15.13.0
[debug] [2026-04-06T09:28:41.028Z] Platform:      darwin
[debug] [2026-04-06T09:28:41.028Z] Node Version:  v25.2.1
[debug] [2026-04-06T09:28:41.028Z] Time:          Mon Apr 06 2026 11:28:41 GMT+0200 (Central European Summer Time)
[debug] [2026-04-06T09:28:41.028Z] ----------------------------------------------------------------------
[debug] 
[info] 
     ######## #### ########  ######## ########     ###     ######  ########
     ##        ##  ##     ## ##       ##     ##  ##   ##  ##       ##
     ######    ##  ########  ######   ########  #########  ######  ######
     ##        ##  ##    ##  ##       ##     ## ##     ##       ## ##
     ##       #### ##     ## ######## ########  ##     ##  ######  ########

You're about to initialize a Firebase project in this directory:

  /Users/tomaskubicek/autogaraz-pwa

Before we get started, keep in mind:

  * You are initializing within an existing Firebase project directory

[info] 
=== Project Setup
[info] 
[info] First, let's associate this project directory with a Firebase project.
[info] You can create multiple project aliases by running firebase use --add, 
[info] 
[debug] [2026-04-06T09:28:41.502Z] > command requires scopes: ["email","openid","https://www.googleapis.com/auth/cloudplatformprojects.readonly","https://www.googleapis.com/auth/firebase","https://www.googleapis.com/auth/cloud-platform"]
[debug] [2026-04-06T09:28:41.502Z] > authorizing via signed-in user (kubicektomas242@gmail.com)
[debug] [2026-04-06T09:28:41.502Z] Checked if tokens are valid: true, expires at: 1775471212368
[debug] [2026-04-06T09:28:41.502Z] Checked if tokens are valid: true, expires at: 1775471212368
[debug] [2026-04-06T09:28:41.503Z] >>> [apiv2][query] GET https://firebase.googleapis.com/v1beta1/projects/autogaraz-pwa [none]
[debug] [2026-04-06T09:28:42.126Z] <<< [apiv2][status] GET https://firebase.googleapis.com/v1beta1/projects/autogaraz-pwa 200
[debug] [2026-04-06T09:28:42.127Z] <<< [apiv2][body] GET https://firebase.googleapis.com/v1beta1/projects/autogaraz-pwa {"projectId":"autogaraz-pwa","projectNumber":"466247070533","displayName":"autogaraz-pwa","name":"projects/autogaraz-pwa","resources":{"hostingSite":"autogaraz-pwa"},"state":"ACTIVE","etag":"1_0010d3b4-d2cf-4638-936c-6c611e7f07f2"}
[info] i  Using project autogaraz-pwa (autogaraz-pwa) . 
[info] 
=== Hosting Setup
[debug] [2026-04-06T09:28:45.717Z] Checked if tokens are valid: true, expires at: 1775471212368
[debug] [2026-04-06T09:28:45.717Z] Checked if tokens are valid: true, expires at: 1775471212368
[debug] [2026-04-06T09:28:45.717Z] >>> [apiv2][query] GET https://firebase.googleapis.com/v1beta1/projects/autogaraz-pwa [none]
[debug] [2026-04-06T09:28:46.026Z] <<< [apiv2][status] GET https://firebase.googleapis.com/v1beta1/projects/autogaraz-pwa 200
[debug] [2026-04-06T09:28:46.026Z] <<< [apiv2][body] GET https://firebase.googleapis.com/v1beta1/projects/autogaraz-pwa {"projectId":"autogaraz-pwa","projectNumber":"466247070533","displayName":"autogaraz-pwa","name":"projects/autogaraz-pwa","resources":{"hostingSite":"autogaraz-pwa"},"state":"ACTIVE","etag":"1_0010d3b4-d2cf-4638-936c-6c611e7f07f2"}
[info] 
[info] Your public directory is the folder (relative to your project directory) that
[info] will contain Hosting assets to be uploaded with firebase deploy. If you
[info] have a build process for your assets, use your build's output directory.
[info] 
[info] 
[info] i  Detected a .git folder at /Users/tomaskubicek/autogaraz-pwa 
[info] i  Authorizing with GitHub to upload your service account to a GitHub repository's secrets store. 
[info] 
[info] Visit this URL on this device to log in:
[info] https://github.com/login/oauth/authorize?client_id=89cf50f02ac6aaed3484&state=310142960&redirect_uri=http%3A%2F%2Flocalhost%3A9005&scope=read%3Auser%20repo%20public_repo
[info] 
[info] Waiting for authentication...
